[debug] [2025-05-17T05:28:29.584Z] ----------------------------------------------------------------------
[debug] [2025-05-17T05:28:29.587Z] Command:       C:\Program Files\nodejs\node.exe C:\Users\Sharvesh Kanagaraj\AppData\Roaming\npm\node_modules\firebase-tools\lib\bin\firebase.js init hosting
[debug] [2025-05-17T05:28:29.588Z] CLI Version:   14.4.0
[debug] [2025-05-17T05:28:29.588Z] Platform:      win32
[debug] [2025-05-17T05:28:29.588Z] Node Version:  v20.13.1
[debug] [2025-05-17T05:28:29.588Z] Time:          Sat May 17 2025 10:58:29 GMT+0530 (India Standard Time)
[debug] [2025-05-17T05:28:29.589Z] ----------------------------------------------------------------------
[debug] 
[debug] [2025-05-17T05:28:29.592Z] >>> [apiv2][query] GET https://firebase-public.firebaseio.com/cli.json [none]
[debug] [2025-05-17T05:28:30.000Z] > command requires scopes: ["email","openid","https://www.googleapis.com/auth/cloudplatformprojects.readonly","https://www.googleapis.com/auth/firebase","https://www.googleapis.com/auth/cloud-platform"]
[debug] [2025-05-17T05:28:30.002Z] > authorizing via signed-in user (sharveshraj2004@gmail.com)
[info] 
     ######## #### ########  ######## ########     ###     ######  ########
     ##        ##  ##     ## ##       ##     ##  ##   ##  ##       ##
     ######    ##  ########  ######   ########  #########  ######  ######
     ##        ##  ##    ##  ##       ##     ## ##     ##       ## ##
     ##       #### ##     ## ######## ########  ##     ##  ######  ########

You're about to initialize a Firebase project in this directory:

  E:\SnippetScript\Ticketb\frontend

Before we get started, keep in mind:

  * You are initializing within an existing Firebase project directory

[info] 
=== Project Setup
[info] 
[info] First, let's associate this project directory with a Firebase project.
[info] You can create multiple project aliases by running firebase use --add, 
[info] but for now we'll just set up a default project.
[info] 
[debug] [2025-05-17T05:28:35.157Z] Using project from CLI flag: sampletickerb
[debug] [2025-05-17T05:28:35.158Z] Checked if tokens are valid: false, expires at: 1744555577944
[debug] [2025-05-17T05:28:35.158Z] Checked if tokens are valid: false, expires at: 1744555577944
[debug] [2025-05-17T05:28:35.158Z] > refreshing access token with scopes: []
[debug] [2025-05-17T05:28:35.159Z] >>> [apiv2][query] POST https://www.googleapis.com/oauth2/v3/token [none]
[debug] [2025-05-17T05:28:35.159Z] >>> [apiv2][body] POST https://www.googleapis.com/oauth2/v3/token [omitted]
[debug] [2025-05-17T05:28:46.225Z] *** [apiv2] error from fetch(https://www.googleapis.com/oauth2/v3/token, {"headers":{},"method":"POST","body":{"_overheadLength":545,"_valueLength":212,"_valuesToMeasure":[],"writable":false,"readable":true,"dataSize":0,"maxDataSize":2097152,"pauseStreams":true,"_released":true,"_streams":[],"_currentStream":null,"_insideLoop":false,"_pendingNext":false,"_boundary":"--------------------------740123761257701534276573","_events":{},"_eventsCount":1}}): FetchError: request to https://www.googleapis.com/oauth2/v3/token failed, reason: getaddrinfo ENOTFOUND www.googleapis.com
[error] Authentication Error: Your credentials are no longer valid. Please run firebase login --reauth

For CI servers and headless environments, generate a new token with firebase login:ci
[debug] [2025-05-17T05:28:46.226Z] Authentication Error: Your credentials are no longer valid. Please run firebase login --reauth

For CI servers and headless environments, generate a new token with firebase login:ci
[debug] [2025-05-17T05:28:51.236Z] Error: Timed out.
    at Timeout._onTimeout (C:\Users\Sharvesh Kanagaraj\AppData\Roaming\npm\node_modules\firebase-tools\lib\utils.js:267:49)
    at listOnTimeout (node:internal/timers:573:17)
    at process.processTimers (node:internal/timers:514:7)
[error] 
[error] Error: An unexpected error has occurred.
[debug] [2025-05-17T05:30:56.187Z] ----------------------------------------------------------------------
[debug] [2025-05-17T05:30:56.190Z] Command:       C:\Program Files\nodejs\node.exe C:\Users\Sharvesh Kanagaraj\AppData\Roaming\npm\node_modules\firebase-tools\lib\bin\firebase.js init hosting
[debug] [2025-05-17T05:30:56.191Z] CLI Version:   14.4.0
[debug] [2025-05-17T05:30:56.191Z] Platform:      win32
[debug] [2025-05-17T05:30:56.191Z] Node Version:  v20.13.1
[debug] [2025-05-17T05:30:56.191Z] Time:          Sat May 17 2025 11:00:56 GMT+0530 (India Standard Time)
[debug] [2025-05-17T05:30:56.192Z] ----------------------------------------------------------------------
[debug] 
[debug] [2025-05-17T05:30:56.522Z] > command requires scopes: ["email","openid","https://www.googleapis.com/auth/cloudplatformprojects.readonly","https://www.googleapis.com/auth/firebase","https://www.googleapis.com/auth/cloud-platform"]
[debug] [2025-05-17T05:30:56.523Z] > authorizing via signed-in user (sharveshraj2004@gmail.com)
[info] 
     ######## #### ########  ######## ########     ###     ######  ########
     ##        ##  ##     ## ##       ##     ##  ##   ##  ##       ##
     ######    ##  ########  ######   ########  #########  ######  ######
     ##        ##  ##    ##  ##       ##     ## ##     ##       ## ##
     ##       #### ##     ## ######## ########  ##     ##  ######  ########

You're about to initialize a Firebase project in this directory:

  E:\SnippetScript\Ticketb\frontend

Before we get started, keep in mind:

  * You are initializing within an existing Firebase project directory

[info] 
=== Project Setup
[info] 
[info] First, let's associate this project directory with a Firebase project.
[info] You can create multiple project aliases by running firebase use --add, 
[info] but for now we'll just set up a default project.
[info] 
[debug] [2025-05-17T05:31:10.785Z] Using project from CLI flag: sampletickerb
[debug] [2025-05-17T05:31:10.787Z] Checked if tokens are valid: true, expires at: 1747463429621
[debug] [2025-05-17T05:31:10.787Z] Checked if tokens are valid: true, expires at: 1747463429621
[debug] [2025-05-17T05:31:10.789Z] >>> [apiv2][query] GET https://firebase.googleapis.com/v1beta1/projects/sampletickerb [none]
[debug] [2025-05-17T05:31:14.741Z] <<< [apiv2][status] GET https://firebase.googleapis.com/v1beta1/projects/sampletickerb 403
[debug] [2025-05-17T05:31:14.742Z] <<< [apiv2][body] GET https://firebase.googleapis.com/v1beta1/projects/sampletickerb {"error":{"code":403,"message":"The caller does not have permission","status":"PERMISSION_DENIED"}}
[debug] [2025-05-17T05:31:14.743Z] Request to https://firebase.googleapis.com/v1beta1/projects/sampletickerb had HTTP Error: 403, The caller does not have permission
[debug] [2025-05-17T05:31:14.919Z] FirebaseError: Request to https://firebase.googleapis.com/v1beta1/projects/sampletickerb had HTTP Error: 403, The caller does not have permission
    at responseToError (C:\Users\Sharvesh Kanagaraj\AppData\Roaming\npm\node_modules\firebase-tools\lib\responseToError.js:52:12)
    at RetryOperation._fn (C:\Users\Sharvesh Kanagaraj\AppData\Roaming\npm\node_modules\firebase-tools\lib\apiv2.js:312:77)
    at process.processTicksAndRejections (node:internal/process/task_queues:95:5)
[error] 
[error] Error: Failed to get Firebase project sampletickerb. Please make sure the project exists and your account has permission to access it.
